mode: atomic
github.com/axamon/hermes/hasher/hasher.go:33.53,41.2 4 0
github.com/axamon/hermes/hasher/hasher.go:45.67,53.2 4 0
github.com/axamon/hermes/hasher/hasher.go:56.52,58.16 2 1
github.com/axamon/hermes/hasher/hasher.go:61.2,64.41 3 1
github.com/axamon/hermes/hasher/hasher.go:68.2,70.18 2 1
github.com/axamon/hermes/hasher/hasher.go:58.16,60.3 1 0
github.com/axamon/hermes/hasher/hasher.go:64.41,66.3 1 0
github.com/axamon/hermes/hasher/hasher.go:75.63,77.16 2 1
github.com/axamon/hermes/hasher/hasher.go:80.2,83.41 3 1
github.com/axamon/hermes/hasher/hasher.go:87.2,89.18 2 1
github.com/axamon/hermes/hasher/hasher.go:77.16,79.3 1 0
github.com/axamon/hermes/hasher/hasher.go:83.41,85.3 1 0
github.com/axamon/hermes/idvideoteca/find.go:17.58,19.35 1 661127
github.com/axamon/hermes/idvideoteca/find.go:29.2,35.25 3 661127
github.com/axamon/hermes/idvideoteca/find.go:19.35,22.17 2 60104
github.com/axamon/hermes/idvideoteca/find.go:22.17,25.4 2 0
github.com/axamon/hermes/manifest/find.go:15.58,18.35 1 150508
github.com/axamon/hermes/manifest/find.go:29.2,29.32 1 150508
github.com/axamon/hermes/manifest/find.go:34.2,34.30 1 150508
github.com/axamon/hermes/manifest/find.go:38.2,38.25 1 150508
github.com/axamon/hermes/manifest/find.go:18.35,20.17 2 30102
github.com/axamon/hermes/manifest/find.go:20.17,23.4 2 0
github.com/axamon/hermes/manifest/find.go:29.32,31.3 1 60203
github.com/axamon/hermes/manifest/find.go:34.30,36.3 1 90305
github.com/axamon/hermes/manifest/find.go:42.52,44.16 2 0
github.com/axamon/hermes/manifest/find.go:47.2,47.12 1 0
github.com/axamon/hermes/manifest/find.go:44.16,46.3 1 0
github.com/axamon/hermes/zipfile/zipfile.go:37.82,42.15 3 1
github.com/axamon/hermes/zipfile/zipfile.go:49.2,51.16 3 1
github.com/axamon/hermes/zipfile/zipfile.go:56.2,58.16 3 1
github.com/axamon/hermes/zipfile/zipfile.go:62.2,62.16 1 1
github.com/axamon/hermes/zipfile/zipfile.go:42.15,43.31 1 1
github.com/axamon/hermes/zipfile/zipfile.go:43.31,45.4 1 0
github.com/axamon/hermes/zipfile/zipfile.go:51.16,53.3 1 0
github.com/axamon/hermes/zipfile/zipfile.go:58.16,60.3 1 0
github.com/axamon/hermes/zipfile/zipfile.go:67.81,72.15 3 0
github.com/axamon/hermes/zipfile/zipfile.go:79.2,81.16 3 0
github.com/axamon/hermes/zipfile/zipfile.go:86.2,88.16 3 0
github.com/axamon/hermes/zipfile/zipfile.go:92.2,93.16 2 0
github.com/axamon/hermes/zipfile/zipfile.go:97.2,97.21 1 0
github.com/axamon/hermes/zipfile/zipfile.go:72.15,73.31 1 0
github.com/axamon/hermes/zipfile/zipfile.go:73.31,75.4 1 0
github.com/axamon/hermes/zipfile/zipfile.go:81.16,83.3 1 0
github.com/axamon/hermes/zipfile/zipfile.go:88.16,90.3 1 0
github.com/axamon/hermes/zipfile/zipfile.go:93.16,95.3 1 0
github.com/axamon/hermes/zipfile/zipfile.go:102.82,107.15 3 0
github.com/axamon/hermes/zipfile/zipfile.go:114.2,116.16 3 0
github.com/axamon/hermes/zipfile/zipfile.go:120.2,120.27 1 0
github.com/axamon/hermes/zipfile/zipfile.go:135.2,135.21 1 0
github.com/axamon/hermes/zipfile/zipfile.go:107.15,108.31 1 0
github.com/axamon/hermes/zipfile/zipfile.go:108.31,110.4 1 0
github.com/axamon/hermes/zipfile/zipfile.go:116.16,118.3 1 0
github.com/axamon/hermes/zipfile/zipfile.go:120.27,122.38 1 0
github.com/axamon/hermes/zipfile/zipfile.go:122.38,124.18 2 0
github.com/axamon/hermes/zipfile/zipfile.go:127.4,128.18 2 0
github.com/axamon/hermes/zipfile/zipfile.go:131.4,131.9 1 0
github.com/axamon/hermes/zipfile/zipfile.go:124.18,126.5 1 0
github.com/axamon/hermes/zipfile/zipfile.go:128.18,130.5 1 0
